Using pre-set license
Built from '2020.3/staging' branch; Version is '2020.3.11f1 (99c7afb366b3) revision 10078127'; Using compiler version '192528614'; Build Type 'Release'
OS: 'Windows 10 Home; OS build 19042.1288; Version 2009; 64bit' Language: 'en' Physical Memory: 12194 MB
BatchMode: 1, IsHumanControllingUs: 0, StartBugReporterOnCrash: 0, Is64bit: 1, IsPro: 0

 COMMAND LINE ARGUMENTS:
C:\Program Files\Unity\Hub\Editor\2020.3.11f1\Editor\Unity.exe
-adb2
-batchMode
-noUpm
-name
AssetImportWorker1
-projectPath
C:/Users/Joevu/Desktop/My project (1)
-logFile
Logs/AssetImportWorker1.log
-srvPort
50889
Successfully changed project path to: C:/Users/Joevu/Desktop/My project (1)
C:/Users/Joevu/Desktop/My project (1)
Using Asset Import Pipeline V2.
Refreshing native plugins compatible for Editor in 433.06 ms, found 9 plugins.
Preloading 1 native plugins for Editor in 16.52 ms.
Initialize engine version: 2020.3.11f1 (99c7afb366b3)
[Subsystems] Discovering subsystems at path C:/Program Files/Unity/Hub/Editor/2020.3.11f1/Editor/Data/Resources/UnitySubsystems
[Subsystems] Discovering subsystems at path C:/Users/Joevu/Desktop/My project (1)/Assets
GfxDevice: creating device client; threaded=0
Direct3D:
    Version:  Direct3D 11.0 [level 11.1]
    Renderer: Intel(R) HD Graphics 520 (ID=0x1916)
    Vendor:   
    VRAM:     6097 MB
    Driver:   27.20.100.8681
Initialize mono
Mono path[0] = 'C:/Program Files/Unity/Hub/Editor/2020.3.11f1/Editor/Data/Managed'
Mono path[1] = 'C:/Program Files/Unity/Hub/Editor/2020.3.11f1/Editor/Data/MonoBleedingEdge/lib/mono/unityjit'
Mono config path = 'C:/Program Files/Unity/Hub/Editor/2020.3.11f1/Editor/Data/MonoBleedingEdge/etc'
Using monoOptions --debugger-agent=transport=dt_socket,embedding=1,server=y,suspend=n,address=127.0.0.1:56200
Begin MonoManager ReloadAssembly
Registering precompiled unity dll's ...
Register platform support module: C:/Program Files/Unity/Hub/Editor/2020.3.11f1/Editor/Data/PlaybackEngines/WindowsStandaloneSupport/UnityEditor.WindowsStandalone.Extensions.dll
Registered in 0.008655 seconds.
Native extension for WindowsStandalone target not found
Refreshing native plugins compatible for Editor in 214.94 ms, found 9 plugins.
Preloading 1 native plugins for Editor in 0.34 ms.
Mono: successfully reloaded assembly
- Completed reload, in 16.857 seconds
Platform modules already initialized, skipping
Registering precompiled user dll's ...
Registered in 0.040540 seconds.
Begin MonoManager ReloadAssembly
Native extension for WindowsStandalone target not found
Refreshing native plugins compatible for Editor in 134.65 ms, found 9 plugins.
Preloading 1 native plugins for Editor in 0.22 ms.
Mono: successfully reloaded assembly
- Completed reload, in  3.522 seconds
Platform modules already initialized, skipping
========================================================================
Worker process is ready to serve import requests
Launched and connected shader compiler UnityShaderCompiler.exe after 0.18 seconds
Refreshing native plugins compatible for Editor in 1.35 ms, found 9 plugins.
Preloading 1 native plugins for Editor in 0.23 ms.
Unloading 2148 Unused Serialized files (Serialized files now loaded: 0)
System memory in use before: 93.9 MB.
System memory in use after: 94.0 MB.

Unloading 20 unused Assets to reduce memory usage. Loaded Objects now: 2596.
Total: 10.902800 ms (FindLiveObjects: 0.557000 ms CreateObjectMapping: 0.291100 ms MarkObjects: 9.845700 ms  DeleteObjects: 0.203900 ms)

========================================================================
Received Import Request.
  path: Assets/Basketball/Prefab/Ball_Plane.prefab
  artifactKey: Guid(837165915acea12488ef204d7c52647b) Importer(815301076,1909f56bfc062723c751e8b465ee728b)
Start importing Assets/Basketball/Prefab/Ball_Plane.prefab using Guid(837165915acea12488ef204d7c52647b) Importer(815301076,1909f56bfc062723c751e8b465ee728b)  -> (artifact id: '1e22bb6e2961a71e3375cda7435b7bae') in 0.545841 seconds
  Import took 0.557053 seconds .

========================================================================
Received Import Request.
  Time since last request: 125.493561 seconds.
  path: Assets/Basketball/Prefab/Ball_Plane.prefab
  artifactKey: Guid(837165915acea12488ef204d7c52647b) Importer(815301076,1909f56bfc062723c751e8b465ee728b)
Start importing Assets/Basketball/Prefab/Ball_Plane.prefab using Guid(837165915acea12488ef204d7c52647b) Importer(815301076,1909f56bfc062723c751e8b465ee728b)  -> (artifact id: '08d084910704c7f7a5cf29f878b3a788') in 0.165376 seconds
  Import took 0.174294 seconds .

========================================================================
Received Import Request.
  Time since last request: 3.168048 seconds.
  path: Assets/Basketball/Prefab/Ball_Plane.prefab
  artifactKey: Guid(837165915acea12488ef204d7c52647b) Importer(815301076,1909f56bfc062723c751e8b465ee728b)
Start importing Assets/Basketball/Prefab/Ball_Plane.prefab using Guid(837165915acea12488ef204d7c52647b) Importer(815301076,1909f56bfc062723c751e8b465ee728b)  -> (artifact id: 'c7302803c25f8ba73ed19374f0ecfe8d') in 0.139406 seconds
  Import took 0.149256 seconds .

========================================================================
Received Prepare
Registering precompiled user dll's ...
Registered in 0.020113 seconds.
Begin MonoManager ReloadAssembly
Native extension for WindowsStandalone target not found
Refreshing native plugins compatible for Editor in 1.36 ms, found 9 plugins.
Preloading 1 native plugins for Editor in 0.18 ms.
Mono: successfully reloaded assembly
- Completed reload, in  5.190 seconds
Platform modules already initialized, skipping
Switching build target platform(19) subTarget(0) extendedPlatform(0) -> platform(13) subTarget(589824) extendedPlatform(0)
Refreshing native plugins compatible for Editor in 1.69 ms, found 9 plugins.
Preloading 1 native plugins for Editor in 0.26 ms.
Unloading 2115 Unused Serialized files (Serialized files now loaded: 0)
System memory in use before: 95.6 MB.
System memory in use after: 95.7 MB.

Unloading 16 unused Assets to reduce memory usage. Loaded Objects now: 2607.
Total: 13.866300 ms (FindLiveObjects: 0.948500 ms CreateObjectMapping: 0.974600 ms MarkObjects: 11.812200 ms  DeleteObjects: 0.127200 ms)

AssetImportParameters requested are different than current active one (requested -> active):
  custom:graphics/normal-map-encoding: 01000000000000000000000000000000 -> 02000000000000000000000000000000
========================================================================
Received Import Request.
  Time since last request: 18.982175 seconds.
  path: Assets/Basketball/Prefab/Ball_Plane.prefab
  artifactKey: Guid(837165915acea12488ef204d7c52647b) Importer(815301076,1909f56bfc062723c751e8b465ee728b)
Start importing Assets/Basketball/Prefab/Ball_Plane.prefab using Guid(837165915acea12488ef204d7c52647b) Importer(815301076,1909f56bfc062723c751e8b465ee728b)  -> (artifact id: 'd6bfd746828064d42341398a3c44f3b9') in 0.462271 seconds
  Import took 0.480710 seconds .

========================================================================
Received Import Request.
  Time since last request: 227.982829 seconds.
  path: Assets/Basketball/Prefab/kissclipart-scan-qr-code-png-clipart-qr-code-image-scanner-bar-13150dffe899b808.png
  artifactKey: Guid(2c54610aefe64e749b492dca7b4ddea4) Importer(815301076,1909f56bfc062723c751e8b465ee728b)
Start importing Assets/Basketball/Prefab/kissclipart-scan-qr-code-png-clipart-qr-code-image-scanner-bar-13150dffe899b808.png using Guid(2c54610aefe64e749b492dca7b4ddea4) Importer(815301076,1909f56bfc062723c751e8b465ee728b)  -> (artifact id: '2c8e2dfed9526ec06b4248877207c0ae') in 0.176116 seconds
  Import took 0.187334 seconds .

========================================================================
Received Import Request.
  Time since last request: 5.935692 seconds.
  path: Assets/Basketball/Prefab/kissclipart-scan-qr-code-png-clipart-qr-code-image-scanner-bar-13150dffe899b808.png
  artifactKey: Guid(2c54610aefe64e749b492dca7b4ddea4) Importer(815301076,1909f56bfc062723c751e8b465ee728b)
Start importing Assets/Basketball/Prefab/kissclipart-scan-qr-code-png-clipart-qr-code-image-scanner-bar-13150dffe899b808.png using Guid(2c54610aefe64e749b492dca7b4ddea4) Importer(815301076,1909f56bfc062723c751e8b465ee728b)  -> (artifact id: '783ae14ee7c04b65d04a4673cbb65f6a') in 0.068803 seconds
  Import took 0.076909 seconds .

========================================================================
Received Prepare
Registering precompiled user dll's ...
Registered in 0.012150 seconds.
Begin MonoManager ReloadAssembly
Native extension for WindowsStandalone target not found
Refreshing native plugins compatible for Editor in 0.77 ms, found 9 plugins.
Preloading 1 native plugins for Editor in 0.16 ms.
Mono: successfully reloaded assembly
- Completed reload, in  1.801 seconds
Platform modules already initialized, skipping
Switching build target platform(19) subTarget(0) extendedPlatform(0) -> platform(13) subTarget(589824) extendedPlatform(0)
Refreshing native plugins compatible for Editor in 0.88 ms, found 9 plugins.
Preloading 1 native plugins for Editor in 0.14 ms.
Unloading 2115 Unused Serialized files (Serialized files now loaded: 0)
System memory in use before: 95.7 MB.
System memory in use after: 95.8 MB.

Unloading 16 unused Assets to reduce memory usage. Loaded Objects now: 2615.
Total: 3.152700 ms (FindLiveObjects: 0.241000 ms CreateObjectMapping: 0.093900 ms MarkObjects: 2.758700 ms  DeleteObjects: 0.057700 ms)

AssetImportParameters requested are different than current active one (requested -> active):
  custom:graphics/normal-map-encoding: 01000000000000000000000000000000 -> 02000000000000000000000000000000
========================================================================
Received Import Request.
  Time since last request: 256.113255 seconds.
  path: Assets/Basketball/Prefab/kissclipart-scan-qr-code-png-clipart-qr-code-image-scanner-bar-13150dffe899b808.png
  artifactKey: Guid(2c54610aefe64e749b492dca7b4ddea4) Importer(815301076,1909f56bfc062723c751e8b465ee728b)
Start importing Assets/Basketball/Prefab/kissclipart-scan-qr-code-png-clipart-qr-code-image-scanner-bar-13150dffe899b808.png using Guid(2c54610aefe64e749b492dca7b4ddea4) Importer(815301076,1909f56bfc062723c751e8b465ee728b)  -> (artifact id: '7966a23531f32fc588cb4dc0c8bf7b8e') in 0.086458 seconds
  Import took 0.091778 seconds .

========================================================================
Received Import Request.
  Time since last request: 125.652703 seconds.
  path: Assets/Basketball/Prefab/kissclipart-scan-qr-code-png-clipart-qr-code-image-scanner-bar-13150dffe899b808.png
  artifactKey: Guid(2c54610aefe64e749b492dca7b4ddea4) Importer(815301076,1909f56bfc062723c751e8b465ee728b)
Start importing Assets/Basketball/Prefab/kissclipart-scan-qr-code-png-clipart-qr-code-image-scanner-bar-13150dffe899b808.png using Guid(2c54610aefe64e749b492dca7b4ddea4) Importer(815301076,1909f56bfc062723c751e8b465ee728b)  -> (artifact id: 'ccbf409e8098ee42ac8d22a4e659330b') in 0.095900 seconds
  Import took 0.103978 seconds .

========================================================================
Received Import Request.
  Time since last request: 0.007505 seconds.
  path: Assets/Basketball/Prefab/kissclipart-scan-qr-code-png-clipart-qr-code-image-scanner-bar-13150dffe899b808.png
  artifactKey: Guid(2c54610aefe64e749b492dca7b4ddea4) Importer(815301076,1909f56bfc062723c751e8b465ee728b)
Start importing Assets/Basketball/Prefab/kissclipart-scan-qr-code-png-clipart-qr-code-image-scanner-bar-13150dffe899b808.png using Guid(2c54610aefe64e749b492dca7b4ddea4) Importer(815301076,1909f56bfc062723c751e8b465ee728b)  -> (artifact id: 'ccbf409e8098ee42ac8d22a4e659330b') in 0.065581 seconds
  Import took 0.071668 seconds .

========================================================================
Received Import Request.
  Time since last request: 40.716669 seconds.
  path: Assets/Basketball/Prefab/Ball_Plane.prefab
  artifactKey: Guid(837165915acea12488ef204d7c52647b) Importer(815301076,1909f56bfc062723c751e8b465ee728b)
Start importing Assets/Basketball/Prefab/Ball_Plane.prefab using Guid(837165915acea12488ef204d7c52647b) Importer(815301076,1909f56bfc062723c751e8b465ee728b)  -> (artifact id: '17da82a1748db3b11bd8ad740968e8a3') in 0.212042 seconds
  Import took 0.219411 seconds .

========================================================================
Received Prepare
Registering precompiled user dll's ...
Registered in 0.013268 seconds.
Begin MonoManager ReloadAssembly
Native extension for WindowsStandalone target not found
Refreshing native plugins compatible for Editor in 0.72 ms, found 9 plugins.
Preloading 1 native plugins for Editor in 0.20 ms.
Mono: successfully reloaded assembly
- Completed reload, in  1.936 seconds
Platform modules already initialized, skipping
Switching build target platform(19) subTarget(0) extendedPlatform(0) -> platform(13) subTarget(589824) extendedPlatform(0)
Refreshing native plugins compatible for Editor in 0.74 ms, found 9 plugins.
Preloading 1 native plugins for Editor in 0.13 ms.
Unloading 2115 Unused Serialized files (Serialized files now loaded: 0)
System memory in use before: 95.7 MB.
System memory in use after: 95.8 MB.

Unloading 16 unused Assets to reduce memory usage. Loaded Objects now: 2621.
Total: 3.341300 ms (FindLiveObjects: 0.245700 ms CreateObjectMapping: 0.094900 ms MarkObjects: 2.862800 ms  DeleteObjects: 0.136500 ms)

AssetImportParameters requested are different than current active one (requested -> active):
  custom:graphics/normal-map-encoding: 01000000000000000000000000000000 -> 02000000000000000000000000000000
========================================================================
Received Import Request.
  Time since last request: 153.082087 seconds.
  path: Assets/Basketball/Prefab/Ball_Plane.prefab
  artifactKey: Guid(837165915acea12488ef204d7c52647b) Importer(815301076,1909f56bfc062723c751e8b465ee728b)
Start importing Assets/Basketball/Prefab/Ball_Plane.prefab using Guid(837165915acea12488ef204d7c52647b) Importer(815301076,1909f56bfc062723c751e8b465ee728b)  -> (artifact id: '3231110378611a3cdc8b3d7de69fdd17') in 0.176621 seconds
  Import took 0.182209 seconds .

========================================================================
Received Prepare
Registering precompiled user dll's ...
Registered in 0.011197 seconds.
Begin MonoManager ReloadAssembly
Native extension for WindowsStandalone target not found
Refreshing native plugins compatible for Editor in 0.76 ms, found 9 plugins.
Preloading 1 native plugins for Editor in 0.13 ms.
Mono: successfully reloaded assembly
- Completed reload, in  2.846 seconds
Platform modules already initialized, skipping
Switching build target platform(19) subTarget(0) extendedPlatform(0) -> platform(13) subTarget(589824) extendedPlatform(0)
Refreshing native plugins compatible for Editor in 1.02 ms, found 9 plugins.
Preloading 1 native plugins for Editor in 0.15 ms.
Unloading 2115 Unused Serialized files (Serialized files now loaded: 0)
System memory in use before: 95.7 MB.
System memory in use after: 95.8 MB.

Unloading 16 unused Assets to reduce memory usage. Loaded Objects now: 2626.
Total: 4.681600 ms (FindLiveObjects: 0.479100 ms CreateObjectMapping: 0.286700 ms MarkObjects: 3.839400 ms  DeleteObjects: 0.073900 ms)

AssetImportParameters requested are different than current active one (requested -> active):
  custom:graphics/normal-map-encoding: 01000000000000000000000000000000 -> 02000000000000000000000000000000
AssetImportWorkerClient::OnTransportError - code=2 error=End of file
